WARNING:root:directory already exists
CRITICAL:root:serious issue
ERROR:root:another error
WARNING:root:exit the program
WARNING:root:directory already exists
CRITICAL:root:serious issue
ERROR:root:another error
WARNING:root:exit the program
INFO:root:start the execution
WARNING:root:directory already exists
CRITICAL:root:serious issue
ERROR:root:another error
INFO:root:close the program
WARNING:root:exit the program
INFO:root:start the execution
WARNING:root:directory already exists
CRITICAL:root:serious issue
ERROR:root:another error
INFO:root:close the program
WARNING:root:exit the program
INFO:root:start the execution
WARNING:root:directory already exists
CRITICAL:root:serious issue
ERROR:root:another error
INFO:root:close the program
WARNING:root:exit the program
INFO:root:start the execution
WARNING:root:directory already exists
CRITICAL:root:serious issue
ERROR:root:another error
INFO:root:close the program
WARNING:root:exit the program
INFO:root:start the execution
WARNING:root:directory already exists
CRITICAL:root:serious issue
ERROR:root:another error
INFO:root:close the program
WARNING:root:exit the program
WARNING:root:directory already exists
CRITICAL:root:serious issue
ERROR:root:another error
WARNING:root:exit the program
WARNING:root:directory already exists
CRITICAL:root:serious issue
ERROR:root:another error
WARNING:root:exit the program
WARNING:root:directory already exists
CRITICAL:root:serious issue
ERROR:root:another error
WARNING:root:exit the program
WARNING:root:directory already exists
CRITICAL:root:serious issue
ERROR:root:another error
WARNING:root:exit the program
